Performing C++ SOURCE FILE Test CMAKE_HAVE_LIBC_PTHREAD failed with the following output:
Change Dir: /home/j/CASqueue/build/CMakeFiles/CMakeTmp

Run Build Command(s):/usr/bin/make -f Makefile cmTC_92b19/fast && /usr/bin/make  -f CMakeFiles/cmTC_92b19.dir/build.make CMakeFiles/cmTC_92b19.dir/build
make[1]: 进入目录“/home/j/CASqueue/build/CMakeFiles/CMakeTmp”
Building CXX object CMakeFiles/cmTC_92b19.dir/src.cxx.o
/usr/bin/g++ -DCMAKE_HAVE_LIBC_PTHREAD  -std=gnu++17 -o CMakeFiles/cmTC_92b19.dir/src.cxx.o -c /home/j/CASqueue/build/CMakeFiles/CMakeTmp/src.cxx
Linking CXX executable cmTC_92b19
/usr/local/cmake-3.24.4-linux-x86_64/bin/cmake -E cmake_link_script CMakeFiles/cmTC_92b19.dir/link.txt --verbose=1
/usr/bin/g++ CMakeFiles/cmTC_92b19.dir/src.cxx.o -o cmTC_92b19 
CMakeFiles/cmTC_92b19.dir/src.cxx.o：在函数‘main’中：
src.cxx:(.text+0x3e)：对‘pthread_create’未定义的引用
src.cxx:(.text+0x4a)：对‘pthread_detach’未定义的引用
src.cxx:(.text+0x56)：对‘pthread_cancel’未定义的引用
src.cxx:(.text+0x67)：对‘pthread_join’未定义的引用
src.cxx:(.text+0x7b)：对‘pthread_atfork’未定义的引用
collect2: error: ld returned 1 exit status
CMakeFiles/cmTC_92b19.dir/build.make:98: recipe for target 'cmTC_92b19' failed
make[1]: *** [cmTC_92b19] Error 1
make[1]: 离开目录“/home/j/CASqueue/build/CMakeFiles/CMakeTmp”
Makefile:127: recipe for target 'cmTC_92b19/fast' failed
make: *** [cmTC_92b19/fast] Error 2


Source file was:
#include <pthread.h>

static void* test_func(void* data)
{
  return data;
}

int main(void)
{
  pthread_t thread;
  pthread_create(&thread, NULL, test_func, NULL);
  pthread_detach(thread);
  pthread_cancel(thread);
  pthread_join(thread, NULL);
  pthread_atfork(NULL, NULL, NULL);
  pthread_exit(NULL);

  return 0;
}

Determining if the function pthread_create exists in the pthreads failed with the following output:
Change Dir: /home/j/CASqueue/build/CMakeFiles/CMakeTmp

Run Build Command(s):/usr/bin/make -f Makefile cmTC_cf3d5/fast && /usr/bin/make  -f CMakeFiles/cmTC_cf3d5.dir/build.make CMakeFiles/cmTC_cf3d5.dir/build
make[1]: 进入目录“/home/j/CASqueue/build/CMakeFiles/CMakeTmp”
Building CXX object CMakeFiles/cmTC_cf3d5.dir/CheckFunctionExists.cxx.o
/usr/bin/g++   -DCHECK_FUNCTION_EXISTS=pthread_create -std=gnu++17 -o CMakeFiles/cmTC_cf3d5.dir/CheckFunctionExists.cxx.o -c /home/j/CASqueue/build/CMakeFiles/CheckLibraryExists/CheckFunctionExists.cxx
Linking CXX executable cmTC_cf3d5
/usr/local/cmake-3.24.4-linux-x86_64/bin/cmake -E cmake_link_script CMakeFiles/cmTC_cf3d5.dir/link.txt --verbose=1
/usr/bin/g++  -DCHECK_FUNCTION_EXISTS=pthread_create CMakeFiles/cmTC_cf3d5.dir/CheckFunctionExists.cxx.o -o cmTC_cf3d5  -lpthreads 
/usr/bin/ld: 找不到 -lpthreads
collect2: error: ld returned 1 exit status
CMakeFiles/cmTC_cf3d5.dir/build.make:98: recipe for target 'cmTC_cf3d5' failed
make[1]: *** [cmTC_cf3d5] Error 1
make[1]: 离开目录“/home/j/CASqueue/build/CMakeFiles/CMakeTmp”
Makefile:127: recipe for target 'cmTC_cf3d5/fast' failed
make: *** [cmTC_cf3d5/fast] Error 2



